<?xml version="1.0" encoding="UTF-8"?>
<!-- Generated by org.testng.reporters.JUnitReportReporter -->
<testsuite skipped="0" hostname="DESKTOP-E1E9EHH" name="Newpackage.Testngpractice" tests="3" failures="0" timestamp="12 Feb 2019 14:20:09 GMT" time="3.820" errors="0">
  <testcase name="openurl" time="1.911" classname="Newpackage.Testngpractice"/>
  <testcase name="clickurl" time="0.463" classname="Newpackage.Testngpractice"/>
  <testcase name="clickontesting" time="1.446" classname="Newpackage.Testngpractice"/>
</testsuite> <!-- Newpackage.Testngpractice -->
