<?xml version="1.0" encoding="UTF-8"?>
<!-- Generated by org.testng.reporters.JUnitReportReporter -->
<testsuite hostname="DESKTOP-E1E9EHH" failures="0" tests="3" name="Newpackage.Testngpractice" time="5.248" errors="0" timestamp="08 Feb 2019 14:08:30 GMT" skipped="0">
  <testcase classname="Newpackage.Testngpractice" name="openurl" time="2.059"/>
  <testcase classname="Newpackage.Testngpractice" name="clickurl" time="0.594"/>
  <testcase classname="Newpackage.Testngpractice" name="clickontesting" time="2.595"/>
</testsuite> <!-- Newpackage.Testngpractice -->
