<?xml version="1.0" encoding="UTF-8"?>
<!-- Generated by org.testng.reporters.JUnitReportReporter -->
<testsuite skipped="0" hostname="DESKTOP-E1E9EHH" name="Newpackage.Testngpractice" tests="3" failures="0" timestamp="24 Feb 2019 04:45:13 GMT" time="6.804" errors="0">
  <testcase name="openurl" time="1.771" classname="Newpackage.Testngpractice"/>
  <testcase name="clickurl" time="0.487" classname="Newpackage.Testngpractice"/>
  <testcase name="clickontesting" time="4.546" classname="Newpackage.Testngpractice"/>
</testsuite> <!-- Newpackage.Testngpractice -->
