<?xml version="1.0" encoding="UTF-8"?>
<!-- Generated by org.testng.reporters.JUnitReportReporter -->
<testsuite hostname="DESKTOP-E1E9EHH" failures="0" tests="1" name="Newpackage.Excelwrite" time="0.867" errors="0" timestamp="13 Feb 2019 13:23:46 GMT" skipped="0">
  <testcase classname="Newpackage.Excelwrite" name="excelwrite" time="0.867"/>
</testsuite> <!-- Newpackage.Excelwrite -->
