<?xml version="1.0" encoding="UTF-8"?>
<!-- Generated by org.testng.reporters.JUnitReportReporter -->
<testsuite hostname="DESKTOP-E1E9EHH" failures="0" tests="3" name="Newpackage.Testngpractice" time="4.984" errors="0" timestamp="10 Feb 2019 02:03:04 GMT" skipped="0">
  <testcase classname="Newpackage.Testngpractice" name="openurl" time="2.437"/>
  <testcase classname="Newpackage.Testngpractice" name="clickurl" time="0.623"/>
  <testcase classname="Newpackage.Testngpractice" name="clickontesting" time="1.924"/>
</testsuite> <!-- Newpackage.Testngpractice -->
