<?xml version="1.0" encoding="UTF-8"?>
<!-- Generated by org.testng.reporters.JUnitReportReporter -->
<testsuite skipped="0" hostname="DESKTOP-E1E9EHH" name="Newpackage.Extentreports" tests="3" failures="0" timestamp="10 Mar 2019 13:14:36 GMT" time="16.349" errors="0">
  <testcase name="openurl" time="4.906" classname="Newpackage.Extentreports"/>
  <testcase name="loginOrangeHRM" time="6.320" classname="Newpackage.Extentreports"/>
  <testcase name="logoutHRM" time="5.123" classname="Newpackage.Extentreports"/>
</testsuite> <!-- Newpackage.Extentreports -->
