<?xml version="1.0" encoding="UTF-8"?>
<!-- Generated by org.testng.reporters.JUnitReportReporter -->
<testsuite skipped="0" hostname="DESKTOP-E1E9EHH" name="Newpackage.Excelwrite" tests="1" failures="0" timestamp="02 Mar 2019 16:19:37 GMT" time="0.871" errors="0">
  <testcase name="excelwrite" time="0.871" classname="Newpackage.Excelwrite"/>
</testsuite> <!-- Newpackage.Excelwrite -->
