<?xml version="1.0" encoding="UTF-8"?>
<!-- Generated by org.testng.reporters.JUnitReportReporter -->
<testsuite skipped="0" hostname="DESKTOP-E1E9EHH" name="Newpackage.Testngpractice" tests="3" failures="0" timestamp="10 Mar 2019 03:17:20 GMT" time="4.597" errors="0">
  <testcase name="openurl" time="1.956" classname="Newpackage.Testngpractice"/>
  <testcase name="clickurl" time="0.549" classname="Newpackage.Testngpractice"/>
  <testcase name="clickontesting" time="2.092" classname="Newpackage.Testngpractice"/>
</testsuite> <!-- Newpackage.Testngpractice -->
