<?xml version="1.0" encoding="UTF-8"?>
<!-- Generated by org.testng.reporters.JUnitReportReporter -->
<testsuite skipped="3" hostname="DESKTOP-E1E9EHH" name="Newpackage.Testngpractice" tests="3" failures="0" timestamp="17 Mar 2019 14:33:15 GMT" time="0.000" errors="0">
  <testcase name="openurl" time="0.000" classname="Newpackage.Testngpractice">
    <skipped/>
  </testcase> <!-- openurl -->
  <testcase name="clickurl" time="0.000" classname="Newpackage.Testngpractice">
    <skipped/>
  </testcase> <!-- clickurl -->
  <testcase name="clickontesting" time="0.000" classname="Newpackage.Testngpractice">
    <skipped/>
  </testcase> <!-- clickontesting -->
</testsuite> <!-- Newpackage.Testngpractice -->
