<?xml version="1.0" encoding="UTF-8"?>
<!-- Generated by org.testng.reporters.JUnitReportReporter -->
<testsuite skipped="0" hostname="DESKTOP-E1E9EHH" name="Newpackage.Extentreportpractice" tests="3" failures="0" timestamp="10 Mar 2019 05:32:23 GMT" time="14.257" errors="0">
  <testcase name="openurl" time="4.360" classname="Newpackage.Extentreportpractice"/>
  <testcase name="loginOrangeHRM" time="5.826" classname="Newpackage.Extentreportpractice"/>
  <testcase name="logoutHRM" time="4.071" classname="Newpackage.Extentreportpractice"/>
</testsuite> <!-- Newpackage.Extentreportpractice -->
