<?xml version="1.0" encoding="UTF-8"?>
<!-- Generated by org.testng.reporters.JUnitReportReporter -->
<testsuite skipped="0" hostname="DESKTOP-E1E9EHH" name="Newpackage.Testngpractice" tests="3" failures="0" timestamp="02 Mar 2019 16:02:24 GMT" time="4.876" errors="0">
  <testcase name="openurl" time="2.144" classname="Newpackage.Testngpractice"/>
  <testcase name="clickurl" time="0.463" classname="Newpackage.Testngpractice"/>
  <testcase name="clickontesting" time="2.269" classname="Newpackage.Testngpractice"/>
</testsuite> <!-- Newpackage.Testngpractice -->
