<?xml version="1.0" encoding="UTF-8"?>
<!-- Generated by org.testng.reporters.JUnitReportReporter -->
<testsuite skipped="0" hostname="DESKTOP-E1E9EHH" name="Newpackage.Practice" tests="1" failures="0" timestamp="09 Mar 2019 14:44:58 GMT" time="0.000" errors="0">
  <testcase name="testmap" time="0.000" classname="Newpackage.Practice"/>
</testsuite> <!-- Newpackage.Practice -->
