<?xml version="1.0" encoding="UTF-8"?>
<!-- Generated by org.testng.reporters.JUnitReportReporter -->
<testsuite skipped="0" hostname="DESKTOP-E1E9EHH" name="Newpackage.Extentreportpractice" tests="3" failures="0" timestamp="17 Mar 2019 12:42:42 GMT" time="14.173" errors="0">
  <testcase name="openurl" time="4.296" classname="Newpackage.Extentreportpractice"/>
  <testcase name="loginOrangeHRM" time="5.615" classname="Newpackage.Extentreportpractice"/>
  <testcase name="logoutHRM" time="4.262" classname="Newpackage.Extentreportpractice"/>
</testsuite> <!-- Newpackage.Extentreportpractice -->
