<?xml version="1.0" encoding="UTF-8"?>
<!-- Generated by org.testng.reporters.JUnitReportReporter -->
<testsuite skipped="0" hostname="DESKTOP-E1E9EHH" name="Newpackage.Extentreports" tests="3" failures="0" timestamp="23 Mar 2019 08:02:25 GMT" time="17.161" errors="0">
  <testcase name="openurl" time="5.414" classname="Newpackage.Extentreports"/>
  <testcase name="loginOrangeHRM" time="6.863" classname="Newpackage.Extentreports"/>
  <testcase name="logoutHRM" time="4.884" classname="Newpackage.Extentreports"/>
</testsuite> <!-- Newpackage.Extentreports -->
