<?xml version="1.0" encoding="UTF-8"?>
<!-- Generated by org.testng.reporters.JUnitReportReporter -->
<testsuite skipped="0" hostname="DESKTOP-E1E9EHH" name="practicejava.SeleniumPractice" tests="3" failures="0" timestamp="16 Mar 2019 13:35:12 GMT" time="5.522" errors="0">
  <testcase name="openurl" time="2.107" classname="practicejava.SeleniumPractice"/>
  <testcase name="clickurl" time="0.558" classname="practicejava.SeleniumPractice"/>
  <testcase name="clickontesting" time="2.857" classname="practicejava.SeleniumPractice"/>
</testsuite> <!-- practicejava.SeleniumPractice -->
