<?xml version="1.0" encoding="UTF-8"?>
<!-- Generated by org.testng.reporters.JUnitReportReporter -->
<testsuite skipped="0" hostname="DESKTOP-E1E9EHH" name="practicejava.FluentWait" tests="1" failures="0" timestamp="27 Mar 2019 12:39:11 GMT" time="6.597" errors="0">
  <testcase name="verifyfluentwait" time="6.597" classname="practicejava.FluentWait"/>
</testsuite> <!-- practicejava.FluentWait -->
