<?xml version="1.0" encoding="UTF-8"?>
<!-- Generated by org.testng.reporters.JUnitReportReporter -->
<testsuite skipped="0" hostname="DESKTOP-E1E9EHH" name="practicejava.Bootstrapdropdown" tests="1" failures="0" timestamp="31 Mar 2019 14:24:07 GMT" time="14.231" errors="0">
  <testcase name="verifydropdown" time="14.231" classname="practicejava.Bootstrapdropdown"/>
</testsuite> <!-- practicejava.Bootstrapdropdown -->
